Determining if the pthread_create exist failed with the following output:
Change Dir: /home/nvidia/catkin_ws/build/CMakeFiles/CMakeTmp

Run Build Command:"/usr/bin/make" "cmTC_86cb1/fast"
/usr/bin/make -f CMakeFiles/cmTC_86cb1.dir/build.make CMakeFiles/cmTC_86cb1.dir/build
make[1]: Entering directory '/home/nvidia/catkin_ws/build/CMakeFiles/CMakeTmp'
Building C object CMakeFiles/cmTC_86cb1.dir/CheckSymbolExists.c.o
/usr/bin/cc     -o CMakeFiles/cmTC_86cb1.dir/CheckSymbolExists.c.o   -c /home/nvidia/catkin_ws/build/CMakeFiles/CMakeTmp/CheckSymbolExists.c
Linking C executable cmTC_86cb1
/usr/bin/cmake -E cmake_link_script CMakeFiles/cmTC_86cb1.dir/link.txt --verbose=1
/usr/bin/cc       CMakeFiles/cmTC_86cb1.dir/CheckSymbolExists.c.o  -o cmTC_86cb1 -rdynamic 
CMakeFiles/cmTC_86cb1.dir/CheckSymbolExists.c.o: In function `main':
CheckSymbolExists.c:(.text+0x14): undefined reference to `pthread_create'
CheckSymbolExists.c:(.text+0x18): undefined reference to `pthread_create'
collect2: error: ld returned 1 exit status
CMakeFiles/cmTC_86cb1.dir/build.make:97: recipe for target 'cmTC_86cb1' failed
make[1]: *** [cmTC_86cb1] Error 1
make[1]: Leaving directory '/home/nvidia/catkin_ws/build/CMakeFiles/CMakeTmp'
Makefile:126: recipe for target 'cmTC_86cb1/fast' failed
make: *** [cmTC_86cb1/fast] Error 2

File /home/nvidia/catkin_ws/build/CMakeFiles/CMakeTmp/CheckSymbolExists.c:
/* */
#include <pthread.h>

int main(int argc, char** argv)
{
  (void)argv;
#ifndef pthread_create
  return ((int*)(&pthread_create))[argc];
#else
  (void)argc;
  return 0;
#endif
}

Determining if the function pthread_create exists in the pthreads failed with the following output:
Change Dir: /home/nvidia/catkin_ws/build/CMakeFiles/CMakeTmp

Run Build Command:"/usr/bin/make" "cmTC_1aeea/fast"
/usr/bin/make -f CMakeFiles/cmTC_1aeea.dir/build.make CMakeFiles/cmTC_1aeea.dir/build
make[1]: Entering directory '/home/nvidia/catkin_ws/build/CMakeFiles/CMakeTmp'
Building C object CMakeFiles/cmTC_1aeea.dir/CheckFunctionExists.c.o
/usr/bin/cc    -DCHECK_FUNCTION_EXISTS=pthread_create   -o CMakeFiles/cmTC_1aeea.dir/CheckFunctionExists.c.o   -c /usr/share/cmake-3.5/Modules/CheckFunctionExists.c
Linking C executable cmTC_1aeea
/usr/bin/cmake -E cmake_link_script CMakeFiles/cmTC_1aeea.dir/link.txt --verbose=1
/usr/bin/cc   -DCHECK_FUNCTION_EXISTS=pthread_create    CMakeFiles/cmTC_1aeea.dir/CheckFunctionExists.c.o  -o cmTC_1aeea -rdynamic -lpthreads 
/usr/bin/ld: cannot find -lpthreads
collect2: error: ld returned 1 exit status
CMakeFiles/cmTC_1aeea.dir/build.make:97: recipe for target 'cmTC_1aeea' failed
make[1]: *** [cmTC_1aeea] Error 1
make[1]: Leaving directory '/home/nvidia/catkin_ws/build/CMakeFiles/CMakeTmp'
Makefile:126: recipe for target 'cmTC_1aeea/fast' failed
make: *** [cmTC_1aeea/fast] Error 2


